<?xml version="1.0" encoding="UTF-8"?>
<testng-results total="9" passed="9" failed="0" skipped="0">
  <reporter-output>
  </reporter-output>
  <suite started-at="2025-03-06T15:36:18Z" name="Test Suite for Buildout" finished-at="2025-03-06T15:38:01Z" duration-ms="102908">
    <groups>
    </groups>
    <test started-at="2025-03-06T15:36:18Z" name="Test Cases for Buildout" finished-at="2025-03-06T15:38:01Z" duration-ms="102908">
      <class name="demo.TestCases">
        <test-method is-config="true" signature="startBrowser()[pri:0, instance:demo.TestCases@5c8504fd]" started-at="2025-03-06T21:06:18Z" name="startBrowser" finished-at="2025-03-06T21:06:21Z" duration-ms="3352" status="PASS">
          <reporter-output>
          </reporter-output>
        </test-method> <!-- startBrowser -->
        <test-method is-config="true" signature="driverGet()[pri:0, instance:demo.TestCases@5c8504fd]" started-at="2025-03-06T21:06:21Z" name="driverGet" finished-at="2025-03-06T21:06:31Z" duration-ms="9740" status="PASS">
          <reporter-output>
          </reporter-output>
        </test-method> <!-- driverGet -->
        <test-method signature="testCase01()[pri:1, instance:demo.TestCases@5c8504fd]" started-at="2025-03-06T21:06:31Z" name="testCase01" finished-at="2025-03-06T21:06:38Z" duration-ms="6622" status="PASS">
          <reporter-output>
          </reporter-output>
        </test-method> <!-- testCase01 -->
        <test-method is-config="true" signature="driverGet()[pri:0, instance:demo.TestCases@5c8504fd]" started-at="2025-03-06T21:06:38Z" name="driverGet" finished-at="2025-03-06T21:06:41Z" duration-ms="3094" status="PASS">
          <reporter-output>
          </reporter-output>
        </test-method> <!-- driverGet -->
        <test-method signature="testCase02()[pri:2, instance:demo.TestCases@5c8504fd]" started-at="2025-03-06T21:06:41Z" name="testCase02" finished-at="2025-03-06T21:06:44Z" duration-ms="2839" status="PASS">
          <reporter-output>
          </reporter-output>
        </test-method> <!-- testCase02 -->
        <test-method is-config="true" signature="driverGet()[pri:0, instance:demo.TestCases@5c8504fd]" started-at="2025-03-06T21:06:44Z" name="driverGet" finished-at="2025-03-06T21:06:45Z" duration-ms="1519" status="PASS">
          <reporter-output>
          </reporter-output>
        </test-method> <!-- driverGet -->
        <test-method signature="testCase03()[pri:3, instance:demo.TestCases@5c8504fd]" started-at="2025-03-06T21:06:45Z" name="testCase03" finished-at="2025-03-06T21:06:50Z" duration-ms="4854" status="PASS">
          <reporter-output>
          </reporter-output>
        </test-method> <!-- testCase03 -->
        <test-method is-config="true" signature="driverGet()[pri:0, instance:demo.TestCases@5c8504fd]" started-at="2025-03-06T21:06:50Z" name="driverGet" finished-at="2025-03-06T21:06:52Z" duration-ms="1884" status="PASS">
          <reporter-output>
          </reporter-output>
        </test-method> <!-- driverGet -->
        <test-method signature="testCase04()[pri:4, instance:demo.TestCases@5c8504fd]" started-at="2025-03-06T21:06:52Z" name="testCase04" finished-at="2025-03-06T21:07:00Z" duration-ms="8038" status="PASS">
          <reporter-output>
          </reporter-output>
        </test-method> <!-- testCase04 -->
        <test-method is-config="true" signature="driverGet()[pri:0, instance:demo.TestCases@5c8504fd]" started-at="2025-03-06T21:07:02Z" name="driverGet" finished-at="2025-03-06T21:07:04Z" duration-ms="2627" status="PASS">
          <reporter-output>
          </reporter-output>
        </test-method> <!-- driverGet -->
        <test-method signature="testCase05(java.lang.String)[pri:5, instance:demo.TestCases@5c8504fd]" started-at="2025-03-06T21:07:04Z" name="testCase05" description="Verify video views count" data-provider="excelData" finished-at="2025-03-06T21:07:18Z" duration-ms="14017" status="PASS">
          <params>
            <param index="0">
              <value>
                <![CDATA[Movies]]>
              </value>
            </param>
          </params>
          <reporter-output>
          </reporter-output>
        </test-method> <!-- testCase05 -->
        <test-method is-config="true" signature="driverGet()[pri:0, instance:demo.TestCases@5c8504fd]" started-at="2025-03-06T21:07:18Z" name="driverGet" finished-at="2025-03-06T21:07:20Z" duration-ms="1994" status="PASS">
          <reporter-output>
          </reporter-output>
        </test-method> <!-- driverGet -->
        <test-method signature="testCase05(java.lang.String)[pri:5, instance:demo.TestCases@5c8504fd]" started-at="2025-03-06T21:07:20Z" name="testCase05" description="Verify video views count" data-provider="excelData" finished-at="2025-03-06T21:07:26Z" duration-ms="5415" status="PASS">
          <params>
            <param index="0">
              <value>
                <![CDATA[Music]]>
              </value>
            </param>
          </params>
          <reporter-output>
          </reporter-output>
        </test-method> <!-- testCase05 -->
        <test-method is-config="true" signature="driverGet()[pri:0, instance:demo.TestCases@5c8504fd]" started-at="2025-03-06T21:07:26Z" name="driverGet" finished-at="2025-03-06T21:07:27Z" duration-ms="1478" status="PASS">
          <reporter-output>
          </reporter-output>
        </test-method> <!-- driverGet -->
        <test-method signature="testCase05(java.lang.String)[pri:5, instance:demo.TestCases@5c8504fd]" started-at="2025-03-06T21:07:27Z" name="testCase05" description="Verify video views count" data-provider="excelData" finished-at="2025-03-06T21:07:34Z" duration-ms="6267" status="PASS">
          <params>
            <param index="0">
              <value>
                <![CDATA[Games]]>
              </value>
            </param>
          </params>
          <reporter-output>
          </reporter-output>
        </test-method> <!-- testCase05 -->
        <test-method is-config="true" signature="driverGet()[pri:0, instance:demo.TestCases@5c8504fd]" started-at="2025-03-06T21:07:34Z" name="driverGet" finished-at="2025-03-06T21:07:35Z" duration-ms="1507" status="PASS">
          <reporter-output>
          </reporter-output>
        </test-method> <!-- driverGet -->
        <test-method signature="testCase05(java.lang.String)[pri:5, instance:demo.TestCases@5c8504fd]" started-at="2025-03-06T21:07:35Z" name="testCase05" description="Verify video views count" data-provider="excelData" finished-at="2025-03-06T21:07:40Z" duration-ms="5246" status="PASS">
          <params>
            <param index="0">
              <value>
                <![CDATA[India]]>
              </value>
            </param>
          </params>
          <reporter-output>
          </reporter-output>
        </test-method> <!-- testCase05 -->
        <test-method is-config="true" signature="driverGet()[pri:0, instance:demo.TestCases@5c8504fd]" started-at="2025-03-06T21:07:40Z" name="driverGet" finished-at="2025-03-06T21:07:42Z" duration-ms="1305" status="PASS">
          <reporter-output>
          </reporter-output>
        </test-method> <!-- driverGet -->
        <test-method signature="testCase05(java.lang.String)[pri:5, instance:demo.TestCases@5c8504fd]" started-at="2025-03-06T21:07:42Z" name="testCase05" description="Verify video views count" data-provider="excelData" finished-at="2025-03-06T21:07:59Z" duration-ms="17573" status="PASS">
          <params>
            <param index="0">
              <value>
                <![CDATA[UK]]>
              </value>
            </param>
          </params>
          <reporter-output>
          </reporter-output>
        </test-method> <!-- testCase05 -->
        <test-method is-config="true" signature="endTest()[pri:0, instance:demo.TestCases@5c8504fd]" started-at="2025-03-06T21:07:59Z" name="endTest" finished-at="2025-03-06T21:08:01Z" duration-ms="1720" status="PASS">
          <reporter-output>
          </reporter-output>
        </test-method> <!-- endTest -->
      </class> <!-- demo.TestCases -->
    </test> <!-- Test Cases for Buildout -->
  </suite> <!-- Test Suite for Buildout -->
</testng-results>
